{"D:\\Backup\\Nodes.js\\Módulo 4 - Tópicos Especiais em Desenvolvimento Back End\\Capítulo 5 - Teste de integração - Parte II\\03-consulta-credito\\src\\app.js": {"path":"D:\\Backup\\Nodes.js\\Módulo 4 - Tópicos Especiais em Desenvolvimento Back End\\Capítulo 5 - Teste de integração - Parte II\\03-consulta-credito\\src\\app.js","statementMap":{"0":{"start":{"line":1,"column":16},"end":{"line":1,"column":34}},"1":{"start":{"line":2,"column":12},"end":{"line":2,"column":21}},"2":{"start":{"line":4,"column":36},"end":{"line":4,"column":64}},"3":{"start":{"line":6,"column":24},"end":{"line":6,"column":53}},"4":{"start":{"line":8,"column":0},"end":{"line":8,"column":23}},"5":{"start":{"line":10,"column":0},"end":{"line":12,"column":2}},"6":{"start":{"line":11,"column":2},"end":{"line":11,"column":78}},"7":{"start":{"line":14,"column":0},"end":{"line":39,"column":1}},"8":{"start":{"line":22,"column":18},"end":{"line":22,"column":39}},"9":{"start":{"line":23,"column":4},"end":{"line":25,"column":5}},"10":{"start":{"line":24,"column":6},"end":{"line":24,"column":58}},"11":{"start":{"line":27,"column":4},"end":{"line":37,"column":5}},"12":{"start":{"line":28,"column":22},"end":{"line":33,"column":7}},"13":{"start":{"line":34,"column":6},"end":{"line":34,"column":35}},"14":{"start":{"line":36,"column":6},"end":{"line":36,"column":57}},"15":{"start":{"line":41,"column":0},"end":{"line":41,"column":20}}},"fnMap":{"0":{"name":"(anonymous_0)","decl":{"start":{"line":10,"column":13},"end":{"line":10,"column":14}},"loc":{"start":{"line":10,"column":33},"end":{"line":12,"column":1}},"line":10},"1":{"name":"(anonymous_1)","decl":{"start":{"line":21,"column":2},"end":{"line":21,"column":3}},"loc":{"start":{"line":21,"column":22},"end":{"line":38,"column":3}},"line":21}},"branchMap":{"0":{"loc":{"start":{"line":23,"column":4},"end":{"line":25,"column":5}},"type":"if","locations":[{"start":{"line":23,"column":4},"end":{"line":25,"column":5}},{"start":{"line":23,"column":4},"end":{"line":25,"column":5}}],"line":23}},"s":{"0":1,"1":1,"2":1,"3":1,"4":1,"5":1,"6":1,"7":1,"8":5,"9":5,"10":1,"11":4,"12":4,"13":3,"14":1,"15":1},"f":{"0":1,"1":5},"b":{"0":[1,4]},"_coverageSchema":"1a1c01bbd47fc00a2c39e90264f33305004495a9","hash":"8d197fc509d88ab09fe950eab60469f919060976"}
,"D:\\Backup\\Nodes.js\\Módulo 4 - Tópicos Especiais em Desenvolvimento Back End\\Capítulo 5 - Teste de integração - Parte II\\03-consulta-credito\\src\\calcula-valor.js": {"path":"D:\\Backup\\Nodes.js\\Módulo 4 - Tópicos Especiais em Desenvolvimento Back End\\Capítulo 5 - Teste de integração - Parte II\\03-consulta-credito\\src\\calcula-valor.js","statementMap":{"0":{"start":{"line":2,"column":17},"end":{"line":2,"column":60}},"1":{"start":{"line":3,"column":2},"end":{"line":3,"column":33}},"2":{"start":{"line":4,"column":2},"end":{"line":4,"column":17}},"3":{"start":{"line":8,"column":19},"end":{"line":8,"column":22}},"4":{"start":{"line":9,"column":22},"end":{"line":9,"column":80}},"5":{"start":{"line":10,"column":2},"end":{"line":10,"column":20}},"6":{"start":{"line":14,"column":24},"end":{"line":14,"column":61}},"7":{"start":{"line":15,"column":20},"end":{"line":15,"column":61}},"8":{"start":{"line":17,"column":23},"end":{"line":17,"column":56}},"9":{"start":{"line":17,"column":50},"end":{"line":17,"column":55}},"10":{"start":{"line":18,"column":18},"end":{"line":18,"column":55}},"11":{"start":{"line":19,"column":16},"end":{"line":19,"column":38}},"12":{"start":{"line":20,"column":10},"end":{"line":20,"column":50}},"13":{"start":{"line":22,"column":2},"end":{"line":27,"column":3}},"14":{"start":{"line":23,"column":4},"end":{"line":23,"column":60}},"15":{"start":{"line":24,"column":4},"end":{"line":24,"column":54}},"16":{"start":{"line":24,"column":48},"end":{"line":24,"column":53}},"17":{"start":{"line":25,"column":4},"end":{"line":25,"column":53}},"18":{"start":{"line":26,"column":4},"end":{"line":26,"column":14}},"19":{"start":{"line":29,"column":2},"end":{"line":29,"column":18}},"20":{"start":{"line":32,"column":0},"end":{"line":36,"column":1}}},"fnMap":{"0":{"name":"calcularMontante","decl":{"start":{"line":1,"column":9},"end":{"line":1,"column":25}},"loc":{"start":{"line":1,"column":51},"end":{"line":5,"column":1}},"line":1},"1":{"name":"arredondar","decl":{"start":{"line":7,"column":9},"end":{"line":7,"column":19}},"loc":{"start":{"line":7,"column":28},"end":{"line":11,"column":1}},"line":7},"2":{"name":"calcularPrestacoes","decl":{"start":{"line":13,"column":9},"end":{"line":13,"column":27}},"loc":{"start":{"line":13,"column":55},"end":{"line":30,"column":1}},"line":13},"3":{"name":"(anonymous_3)","decl":{"start":{"line":17,"column":40},"end":{"line":17,"column":41}},"loc":{"start":{"line":17,"column":50},"end":{"line":17,"column":55}},"line":17},"4":{"name":"(anonymous_4)","decl":{"start":{"line":24,"column":38},"end":{"line":24,"column":39}},"loc":{"start":{"line":24,"column":48},"end":{"line":24,"column":53}},"line":24}},"branchMap":{"0":{"loc":{"start":{"line":19,"column":16},"end":{"line":19,"column":38}},"type":"cond-expr","locations":[{"start":{"line":19,"column":32},"end":{"line":19,"column":33}},{"start":{"line":19,"column":36},"end":{"line":19,"column":38}}],"line":19},"1":{"loc":{"start":{"line":20,"column":10},"end":{"line":20,"column":50}},"type":"cond-expr","locations":[{"start":{"line":20,"column":26},"end":{"line":20,"column":27}},{"start":{"line":20,"column":30},"end":{"line":20,"column":50}}],"line":20}},"s":{"0":5,"1":5,"2":5,"3":41,"4":41,"5":41,"6":8,"7":8,"8":8,"9":16,"10":8,"11":8,"12":8,"13":8,"14":7,"15":7,"16":20,"17":7,"18":7,"19":8,"20":2},"f":{"0":5,"1":41,"2":8,"3":16,"4":20},"b":{"0":[5,3],"1":[5,3]},"_coverageSchema":"1a1c01bbd47fc00a2c39e90264f33305004495a9","hash":"b8d4f9b0ed6b066a6cafc83a4b5dfcc517bdd116"}
,"D:\\Backup\\Nodes.js\\Módulo 4 - Tópicos Especiais em Desenvolvimento Back End\\Capítulo 5 - Teste de integração - Parte II\\03-consulta-credito\\src\\consulta-cliente.js": {"path":"D:\\Backup\\Nodes.js\\Módulo 4 - Tópicos Especiais em Desenvolvimento Back End\\Capítulo 5 - Teste de integração - Parte II\\03-consulta-credito\\src\\consulta-cliente.js","statementMap":{"0":{"start":{"line":1,"column":21},"end":{"line":1,"column":50}},"1":{"start":{"line":3,"column":11},"end":{"line":3,"column":26}},"2":{"start":{"line":5,"column":14},"end":{"line":5,"column":19}},"3":{"start":{"line":7,"column":18},"end":{"line":56,"column":1}},"4":{"start":{"line":8,"column":16},"end":{"line":10,"column":4}},"5":{"start":{"line":12,"column":2},"end":{"line":17,"column":3}},"6":{"start":{"line":13,"column":4},"end":{"line":16,"column":7}},"7":{"start":{"line":19,"column":25},"end":{"line":22,"column":4}},"8":{"start":{"line":24,"column":2},"end":{"line":33,"column":3}},"9":{"start":{"line":25,"column":22},"end":{"line":27,"column":5}},"10":{"start":{"line":28,"column":26},"end":{"line":28,"column":71}},"11":{"start":{"line":30,"column":4},"end":{"line":32,"column":5}},"12":{"start":{"line":31,"column":6},"end":{"line":31,"column":75}},"13":{"start":{"line":35,"column":19},"end":{"line":35,"column":72}},"14":{"start":{"line":36,"column":21},"end":{"line":36,"column":72}},"15":{"start":{"line":38,"column":23},"end":{"line":45,"column":3}},"16":{"start":{"line":47,"column":2},"end":{"line":47,"column":41}},"17":{"start":{"line":49,"column":2},"end":{"line":55,"column":4}},"18":{"start":{"line":58,"column":0},"end":{"line":60,"column":2}}},"fnMap":{"0":{"name":"(anonymous_0)","decl":{"start":{"line":7,"column":18},"end":{"line":7,"column":19}},"loc":{"start":{"line":7,"column":56},"end":{"line":56,"column":1}},"line":7}},"branchMap":{"0":{"loc":{"start":{"line":12,"column":2},"end":{"line":17,"column":3}},"type":"if","locations":[{"start":{"line":12,"column":2},"end":{"line":17,"column":3}},{"start":{"line":12,"column":2},"end":{"line":17,"column":3}}],"line":12},"1":{"loc":{"start":{"line":24,"column":2},"end":{"line":33,"column":3}},"type":"if","locations":[{"start":{"line":24,"column":2},"end":{"line":33,"column":3}},{"start":{"line":24,"column":2},"end":{"line":33,"column":3}}],"line":24},"2":{"loc":{"start":{"line":30,"column":4},"end":{"line":32,"column":5}},"type":"if","locations":[{"start":{"line":30,"column":4},"end":{"line":32,"column":5}},{"start":{"line":30,"column":4},"end":{"line":32,"column":5}}],"line":30}},"s":{"0":1,"1":1,"2":1,"3":1,"4":4,"5":4,"6":2,"7":4,"8":4,"9":1,"10":1,"11":1,"12":1,"13":3,"14":3,"15":3,"16":3,"17":3,"18":1},"f":{"0":4},"b":{"0":[2,2],"1":[1,3],"2":[1,0]},"_coverageSchema":"1a1c01bbd47fc00a2c39e90264f33305004495a9","hash":"195275dae6d61e73311ce0fe99e1da2123266632"}
,"D:\\Backup\\Nodes.js\\Módulo 4 - Tópicos Especiais em Desenvolvimento Back End\\Capítulo 5 - Teste de integração - Parte II\\03-consulta-credito\\src\\db.js": {"path":"D:\\Backup\\Nodes.js\\Módulo 4 - Tópicos Especiais em Desenvolvimento Back End\\Capítulo 5 - Teste de integração - Parte II\\03-consulta-credito\\src\\db.js","statementMap":{"0":{"start":{"line":1,"column":18},"end":{"line":1,"column":38}},"1":{"start":{"line":3,"column":18},"end":{"line":11,"column":2}},"2":{"start":{"line":13,"column":21},"end":{"line":29,"column":1}},"3":{"start":{"line":14,"column":18},"end":{"line":26,"column":4}},"4":{"start":{"line":28,"column":2},"end":{"line":28,"column":17}},"5":{"start":{"line":31,"column":22},"end":{"line":56,"column":1}},"6":{"start":{"line":32,"column":19},"end":{"line":53,"column":4}},"7":{"start":{"line":55,"column":2},"end":{"line":55,"column":18}},"8":{"start":{"line":58,"column":16},"end":{"line":58,"column":60}},"9":{"start":{"line":59,"column":17},"end":{"line":59,"column":62}},"10":{"start":{"line":61,"column":0},"end":{"line":61,"column":47}},"11":{"start":{"line":62,"column":0},"end":{"line":62,"column":28}},"12":{"start":{"line":64,"column":0},"end":{"line":68,"column":2}}},"fnMap":{"0":{"name":"(anonymous_0)","decl":{"start":{"line":13,"column":21},"end":{"line":13,"column":22}},"loc":{"start":{"line":13,"column":47},"end":{"line":29,"column":1}},"line":13},"1":{"name":"(anonymous_1)","decl":{"start":{"line":31,"column":22},"end":{"line":31,"column":23}},"loc":{"start":{"line":31,"column":48},"end":{"line":56,"column":1}},"line":31}},"branchMap":{},"s":{"0":1,"1":1,"2":1,"3":1,"4":1,"5":1,"6":1,"7":1,"8":1,"9":1,"10":1,"11":1,"12":1},"f":{"0":1,"1":1},"b":{},"_coverageSchema":"1a1c01bbd47fc00a2c39e90264f33305004495a9","hash":"dcc8e2f301a6fb821a197fcd7c465a65b716e9e1"}
,"D:\\Backup\\Nodes.js\\Módulo 4 - Tópicos Especiais em Desenvolvimento Back End\\Capítulo 5 - Teste de integração - Parte II\\03-consulta-credito\\test\\extensoes.js": {"path":"D:\\Backup\\Nodes.js\\Módulo 4 - Tópicos Especiais em Desenvolvimento Back End\\Capítulo 5 - Teste de integração - Parte II\\03-consulta-credito\\test\\extensoes.js","statementMap":{"0":{"start":{"line":1,"column":21},"end":{"line":1,"column":52}},"1":{"start":{"line":3,"column":0},"end":{"line":32,"column":2}},"2":{"start":{"line":6,"column":21},"end":{"line":6,"column":75}},"3":{"start":{"line":6,"column":68},"end":{"line":6,"column":73}},"4":{"start":{"line":7,"column":19},"end":{"line":7,"column":61}},"5":{"start":{"line":9,"column":4},"end":{"line":12,"column":5}},"6":{"start":{"line":10,"column":21},"end":{"line":10,"column":66}},"7":{"start":{"line":16,"column":4},"end":{"line":24,"column":5}},"8":{"start":{"line":16,"column":17},"end":{"line":16,"column":18}},"9":{"start":{"line":17,"column":16},"end":{"line":17,"column":21}},"10":{"start":{"line":18,"column":6},"end":{"line":23,"column":7}},"11":{"start":{"line":19,"column":8},"end":{"line":22,"column":9}},"12":{"start":{"line":20,"column":25},"end":{"line":20,"column":66}},"13":{"start":{"line":26,"column":4},"end":{"line":29,"column":5}},"14":{"start":{"line":27,"column":21},"end":{"line":27,"column":62}}},"fnMap":{"0":{"name":"(anonymous_0)","decl":{"start":{"line":5,"column":2},"end":{"line":5,"column":3}},"loc":{"start":{"line":5,"column":40},"end":{"line":13,"column":3}},"line":5},"1":{"name":"(anonymous_1)","decl":{"start":{"line":6,"column":58},"end":{"line":6,"column":59}},"loc":{"start":{"line":6,"column":68},"end":{"line":6,"column":73}},"line":6},"2":{"name":"(anonymous_2)","decl":{"start":{"line":10,"column":15},"end":{"line":10,"column":16}},"loc":{"start":{"line":10,"column":21},"end":{"line":10,"column":66}},"line":10},"3":{"name":"(anonymous_3)","decl":{"start":{"line":15,"column":2},"end":{"line":15,"column":3}},"loc":{"start":{"line":15,"column":26},"end":{"line":30,"column":3}},"line":15},"4":{"name":"(anonymous_4)","decl":{"start":{"line":20,"column":19},"end":{"line":20,"column":20}},"loc":{"start":{"line":20,"column":25},"end":{"line":20,"column":66}},"line":20},"5":{"name":"(anonymous_5)","decl":{"start":{"line":27,"column":15},"end":{"line":27,"column":16}},"loc":{"start":{"line":27,"column":21},"end":{"line":27,"column":62}},"line":27}},"branchMap":{"0":{"loc":{"start":{"line":18,"column":6},"end":{"line":23,"column":7}},"type":"if","locations":[{"start":{"line":18,"column":6},"end":{"line":23,"column":7}},{"start":{"line":18,"column":6},"end":{"line":23,"column":7}}],"line":18}},"s":{"0":1,"1":1,"2":2,"3":4,"4":2,"5":2,"6":0,"7":2,"8":2,"9":4,"10":4,"11":0,"12":0,"13":2,"14":0},"f":{"0":2,"1":4,"2":0,"3":2,"4":0,"5":0},"b":{"0":[0,4]},"_coverageSchema":"1a1c01bbd47fc00a2c39e90264f33305004495a9","hash":"f13990381a83afe3383418380feb51024a8a277d"}
}
