TN:
SF:src\app.js
FN:10,(anonymous_0)
FN:21,(anonymous_1)
FNF:2
FNH:2
FNDA:1,(anonymous_0)
FNDA:5,(anonymous_1)
DA:1,1
DA:2,1
DA:4,1
DA:6,1
DA:8,1
DA:10,1
DA:11,1
DA:14,1
DA:22,5
DA:23,5
DA:24,1
DA:27,4
DA:28,4
DA:34,3
DA:36,1
DA:41,1
LF:16
LH:16
BRDA:23,0,0,1
BRDA:23,0,1,4
BRF:2
BRH:2
end_of_record
TN:
SF:src\calcula-valor.js
FN:1,calcularMontante
FN:7,arredondar
FN:13,calcularPrestacoes
FN:17,(anonymous_3)
FN:24,(anonymous_4)
FNF:5
FNH:5
FNDA:5,calcularMontante
FNDA:41,arredondar
FNDA:8,calcularPrestacoes
FNDA:16,(anonymous_3)
FNDA:20,(anonymous_4)
DA:2,5
DA:3,5
DA:4,5
DA:8,41
DA:9,41
DA:10,41
DA:14,8
DA:15,8
DA:17,16
DA:18,8
DA:19,8
DA:20,8
DA:22,8
DA:23,7
DA:24,20
DA:25,7
DA:26,7
DA:29,8
DA:32,2
LF:19
LH:19
BRDA:19,0,0,5
BRDA:19,0,1,3
BRDA:20,1,0,5
BRDA:20,1,1,3
BRF:4
BRH:4
end_of_record
TN:
SF:src\consulta-cliente.js
FN:7,(anonymous_0)
FNF:1
FNH:1
FNDA:4,(anonymous_0)
DA:1,1
DA:3,1
DA:5,1
DA:7,1
DA:8,4
DA:12,4
DA:13,2
DA:19,4
DA:24,4
DA:25,1
DA:28,1
DA:30,1
DA:31,1
DA:35,3
DA:36,3
DA:38,3
DA:47,3
DA:49,3
DA:58,1
LF:19
LH:19
BRDA:12,0,0,2
BRDA:12,0,1,2
BRDA:24,1,0,1
BRDA:24,1,1,3
BRDA:30,2,0,1
BRDA:30,2,1,0
BRF:6
BRH:5
end_of_record
TN:
SF:src\db.js
FN:13,(anonymous_0)
FN:31,(anonymous_1)
FNF:2
FNH:2
FNDA:1,(anonymous_0)
FNDA:1,(anonymous_1)
DA:1,1
DA:3,1
DA:13,1
DA:14,1
DA:28,1
DA:31,1
DA:32,1
DA:55,1
DA:58,1
DA:59,1
DA:61,1
DA:62,1
DA:64,1
LF:13
LH:13
BRF:0
BRH:0
end_of_record
TN:
SF:test\extensoes.js
FN:5,(anonymous_0)
FN:6,(anonymous_1)
FN:10,(anonymous_2)
FN:15,(anonymous_3)
FN:20,(anonymous_4)
FN:27,(anonymous_5)
FNF:6
FNH:3
FNDA:2,(anonymous_0)
FNDA:4,(anonymous_1)
FNDA:0,(anonymous_2)
FNDA:2,(anonymous_3)
FNDA:0,(anonymous_4)
FNDA:0,(anonymous_5)
DA:1,1
DA:3,1
DA:6,4
DA:7,2
DA:9,2
DA:10,0
DA:16,2
DA:17,4
DA:18,4
DA:19,0
DA:20,0
DA:26,2
DA:27,0
LF:13
LH:9
BRDA:18,0,0,0
BRDA:18,0,1,4
BRF:2
BRH:1
end_of_record
